17:46:10,556  INFO storeLog:checkInventory:40 - start check inventory test
17:46:10,587  INFO storeLog:<init>:16 - connecting to http://petstore.swagger.io/v2/user
17:46:10,587  INFO storeLog:getInventory:26 - start getting inventory
17:46:10,587  INFO storeLog:getInventory:21 - send request to get inventory
Request path:	http://petstore.swagger.io/v2/store/inventory
Request method:	GET
Response body: 
{
    "laboris ": 1,
    "'%20and%201=2%20--": 1,
    "string": 7451,
    "Operated": 4,
    "unavailable": 2,
    "pending": 57,
    "Not-Operated": 11,
    "'--": 1,
    "available": 3419,
    "/*!10000%201/0%20*/": 1,
    "test￯﾿ﾽ%20UNION%20select%201,%20@@version,%201,%201;￯﾿ﾽ": 1,
    "test￯﾿ﾽ UNION select 1, @@version, 1, 1;￯﾿ﾽ": 1,
    "avilable": 1,
    "Unavailable": 2,
    "1/0": 1,
    "' and 1=2 --": 1,
    "Sold": 1,
    "1'": 1,
    "qui eiusmod comm": 1,
    "disponivel": 10,
    "Available": 1,
    "StringValue": 1,
    "ok": 1,
    "/*!10000 1/0 */": 1,
    "reprehenderit nisi ul": 1,
    "sold": 51,
    "venta": 1,
    "admin'--": 1,
    "test": 1,
    "'%20o/**/r%201/0%20--": 1,
    "aute anim ": 1,
    "Offline": 1,
    "aaaaaa": 2,
    "xzcxz": 1,
    "AVAILABLE": 3,
    "sed do ": 1,
    "1": 2,
    "s": 18,
    "ipsum labore velit": 1,
    "stillavailable": 1,
    ";": 1,
    "Lorem adipisicing a": 1,
    "status": 29,
    "' or '1'='1": 1,
    "' o/**/r 1/0 --": 1
}
17:46:10,940  INFO storeLog:getInventory:29 - inventory has been gotten
17:46:11,104  INFO storeLog:createOrder:27 - start create order test
17:46:11,104  INFO storeLog:<init>:17 - connecting to http://petstore.swagger.io/v2/user
17:46:11,104  INFO storeLog:createOrder:27 - start creating order, order id : 95
17:46:11,104  INFO storeLog:isOrderExist:62 - start checking order, order id : 95
17:46:11,104  INFO storeLog:getOrder:29 - send request to get order
Request path:	http://petstore.swagger.io/v2/store/order/95
Request method:	GET
Response body: 
{
    "code": 1,
    "type": "error",
    "message": "Order not found"
}
17:46:11,442  INFO storeLog:isOrderExist:67 - order with id :95 is not exist
17:46:11,442  INFO storeLog:createOrder:22 - send request to create order
Request path:	http://petstore.swagger.io/v2/store/order
Request method:	POST
Body:
{
    "id": 95,
    "petId": 57,
    "quantity": 21,
    "shipDate": "1970-01-23T18:31:35.967+0000",
    "status": "Placed",
    "complete": true
}
Response body: 
{
    "id": 95,
    "petId": 57,
    "quantity": 21,
    "shipDate": "1970-01-23T18:31:35.967+0000",
    "status": "Placed",
    "complete": true
}
17:46:11,805  INFO storeLog:getOrder:47 - start getting order, order id : 95
17:46:11,805  INFO storeLog:getOrder:29 - send request to get order
Request path:	http://petstore.swagger.io/v2/store/order/95
Request method:	GET
Response body: 
{
    "id": 95,
    "petId": 57,
    "quantity": 21,
    "shipDate": "1970-01-23T18:31:35.967+0000",
    "status": "Placed",
    "complete": true
}
17:46:12,159  INFO storeLog:getOrder:50 - order with id : 95 has been gotten
17:46:12,159  INFO storeLog:createOrder:36 - order has been created, order id : 95
17:46:12,159  INFO storeLog:deleteOrder:79 - start deleting order image, order id : 95
17:46:12,159  INFO storeLog:deleteOrder:36 - send request to delete order
Request path:	http://petstore.swagger.io/v2/store/order/95
Request method:	DELETE
17:46:12,522  INFO storeLog:isOrderExist:62 - start checking order, order id : 95
17:46:12,522  INFO storeLog:getOrder:29 - send request to get order
Request path:	http://petstore.swagger.io/v2/store/order/95
Request method:	GET
Response body: 
{
    "code": 1,
    "type": "error",
    "message": "Order not found"
}
17:46:12,860  INFO storeLog:isOrderExist:67 - order with id :95 is not exist
17:46:12,860  INFO storeLog:deleteOrder:83 - order has been deleted, order id : 95
17:50:58,648  INFO storeLog:checkInventory:40 - start check inventory test
17:50:58,648  INFO storeLog:<init>:16 - connecting to http://petstore.swagger.io/v2/user
17:50:58,648  INFO storeLog:getInventory:26 - start getting inventory
17:50:58,648  INFO storeLog:getInventory:21 - send request to get inventory
Request path:	http://petstore.swagger.io/v2/store/inventory
Request method:	GET
Response body: 
{
    "laboris ": 1,
    "'%20and%201=2%20--": 1,
    "string": 7453,
    "Operated": 4,
    "unavailable": 2,
    "pending": 57,
    "Not-Operated": 11,
    "'--": 1,
    "available": 3421,
    "/*!10000%201/0%20*/": 1,
    "test￯﾿ﾽ%20UNION%20select%201,%20@@version,%201,%201;￯﾿ﾽ": 1,
    "test￯﾿ﾽ UNION select 1, @@version, 1, 1;￯﾿ﾽ": 1,
    "avilable": 1,
    "Unavailable": 2,
    "1/0": 1,
    "' and 1=2 --": 1,
    "Sold": 1,
    "1'": 1,
    "qui eiusmod comm": 1,
    "disponivel": 10,
    "Available": 1,
    "StringValue": 1,
    "ok": 1,
    "/*!10000 1/0 */": 1,
    "reprehenderit nisi ul": 1,
    "sold": 51,
    "venta": 1,
    "admin'--": 1,
    "test": 1,
    "'%20o/**/r%201/0%20--": 1,
    "aute anim ": 1,
    "Offline": 1,
    "aaaaaa": 2,
    "xzcxz": 1,
    "AVAILABLE": 3,
    "sed do ": 1,
    "1": 2,
    "s": 18,
    "ipsum labore velit": 1,
    "stillavailable": 1,
    ";": 1,
    "Lorem adipisicing a": 1,
    "status": 29,
    "' or '1'='1": 1,
    "' o/**/r 1/0 --": 1
}
17:50:59,011  INFO storeLog:getInventory:29 - inventory has been gotten
17:50:59,165  INFO storeLog:createOrder:27 - start create order test
17:50:59,181  INFO storeLog:<init>:17 - connecting to http://petstore.swagger.io/v2/user
17:50:59,181  INFO storeLog:createOrder:27 - start creating order, order id : 47
17:50:59,181  INFO storeLog:isOrderExist:62 - start checking order, order id : 47
17:50:59,181  INFO storeLog:getOrder:29 - send request to get order
Request path:	http://petstore.swagger.io/v2/store/order/47
Request method:	GET
Response body: 
{
    "code": 1,
    "type": "error",
    "message": "Order not found"
}
17:50:59,535  INFO storeLog:isOrderExist:67 - order with id :47 is not exist
17:50:59,535  INFO storeLog:createOrder:22 - send request to create order
Request path:	http://petstore.swagger.io/v2/store/order
Request method:	POST
Body:
{
    "id": 47,
    "petId": 31,
    "quantity": 70,
    "shipDate": "1970-01-04T10:15:29.293+0000",
    "status": "Placed",
    "complete": false
}
Response body: 
{
    "id": 47,
    "petId": 31,
    "quantity": 70,
    "shipDate": "1970-01-04T10:15:29.293+0000",
    "status": "Placed",
    "complete": false
}
17:50:59,897  INFO storeLog:getOrder:47 - start getting order, order id : 47
17:50:59,897  INFO storeLog:getOrder:29 - send request to get order
Request path:	http://petstore.swagger.io/v2/store/order/47
Request method:	GET
Response body: 
{
    "id": 47,
    "petId": 31,
    "quantity": 70,
    "shipDate": "1970-01-04T10:15:29.293+0000",
    "status": "Placed",
    "complete": false
}
17:51:00,250  INFO storeLog:getOrder:50 - order with id : 47 has been gotten
17:51:00,250  INFO storeLog:createOrder:36 - order has been created, order id : 47
17:51:00,250  INFO storeLog:deleteOrder:79 - start deleting order image, order id : 47
17:51:00,250  INFO storeLog:deleteOrder:36 - send request to delete order
Request path:	http://petstore.swagger.io/v2/store/order/47
Request method:	DELETE
17:51:00,620  INFO storeLog:isOrderExist:62 - start checking order, order id : 47
17:51:00,620  INFO storeLog:getOrder:29 - send request to get order
Request path:	http://petstore.swagger.io/v2/store/order/47
Request method:	GET
Response body: 
{
    "code": 1,
    "type": "error",
    "message": "Order not found"
}
17:51:00,951  INFO storeLog:isOrderExist:67 - order with id :47 is not exist
17:51:00,951  INFO storeLog:deleteOrder:83 - order has been deleted, order id : 47
