17:46:12,891  INFO userLog:createNewUsersWithArray:37 - start create user with array test
17:46:12,891  INFO userLog:<init>:20 - connecting to http://petstore.swagger.io/v2/user
17:46:12,922  INFO userLog:<init>:20 - connecting to http://petstore.swagger.io/v2/user
17:46:12,922  INFO userLog:createUsersWithArray:33 - start creating 3 users
17:46:12,922  INFO userLog:isUserExist:78 - start check user exist, username : gcufufyEJi
17:46:12,922  INFO userLog:getUser:60 - send request to get user
Request path:	http://petstore.swagger.io/v2/user/gcufufyEJi
Request method:	GET
Response body: 
{
    "code": 1,
    "type": "error",
    "message": "User not found"
}
17:46:13,260  INFO userLog:isUserExist:83 - user gcufufyEJi is not exist
17:46:13,260  INFO userLog:isUserExist:78 - start check user exist, username : hQXEChtPKs
17:46:13,260  INFO userLog:getUser:60 - send request to get user
Request path:	http://petstore.swagger.io/v2/user/hQXEChtPKs
Request method:	GET
Response body: 
{
    "code": 1,
    "type": "error",
    "message": "User not found"
}
17:46:13,846  INFO userLog:isUserExist:83 - user hQXEChtPKs is not exist
17:46:13,846  INFO userLog:isUserExist:78 - start check user exist, username : UwXZzUVMOO
17:46:13,846  INFO userLog:getUser:60 - send request to get user
Request path:	http://petstore.swagger.io/v2/user/UwXZzUVMOO
Request method:	GET
Response body: 
{
    "code": 1,
    "type": "error",
    "message": "User not found"
}
17:46:14,347  INFO userLog:isUserExist:83 - user UwXZzUVMOO is not exist
17:46:14,347  INFO userLog:createUsersWithArray:32 - send request to create user from array
Request path:	http://petstore.swagger.io/v2/user/createWithArray
Request method:	POST
Body:
[
    {
        "id": 66,
        "username": "gcufufyEJi",
        "firstName": "sZFUtFnDVR",
        "lastName": "wywsDQIBIY",
        "email": "onoPaFBRTE",
        "password": "ybjCYJMVoY",
        "phone": "DxiCVWPTVT",
        "userStatus": 78
    },
    {
        "id": 76,
        "username": "hQXEChtPKs",
        "firstName": "IJbYdROeMU",
        "lastName": "syOLMwWZCn",
        "email": "YAkIxUOyRl",
        "password": "lJaHsNkhjx",
        "phone": "DGORCVmafK",
        "userStatus": 4
    },
    {
        "id": 15,
        "username": "UwXZzUVMOO",
        "firstName": "OGJJavTKuf",
        "lastName": "AEYRALUNkg",
        "email": "kwuiDXLkjK",
        "password": "KboUtXqFbr",
        "phone": "fTOGfaKBUj",
        "userStatus": 59
    }

17:46:14,710  INFO userLog:getUser:59 - start getting user, username : gcufufyEJi
17:46:14,710  INFO userLog:getUser:60 - send request to get user
Request path:	http://petstore.swagger.io/v2/user/gcufufyEJi
Request method:	GET
Response body: 
{
    "id": 66,
    "username": "gcufufyEJi",
    "firstName": "sZFUtFnDVR",
    "lastName": "wywsDQIBIY",
    "email": "onoPaFBRTE",
    "password": "ybjCYJMVoY",
    "phone": "DxiCVWPTVT",
    "userStatus": 78
}
17:46:15,049  INFO userLog:getUser:62 - user gcufufyEJi has been gotten
17:46:15,065  INFO userLog:getUser:59 - start getting user, username : hQXEChtPKs
17:46:15,065  INFO userLog:getUser:60 - send request to get user
Request path:	http://petstore.swagger.io/v2/user/hQXEChtPKs
Request method:	GET
Response body: 
{
    "id": 76,
    "username": "hQXEChtPKs",
    "firstName": "IJbYdROeMU",
    "lastName": "syOLMwWZCn",
    "email": "YAkIxUOyRl",
    "password": "lJaHsNkhjx",
    "phone": "DGORCVmafK",
    "userStatus": 4
}
17:46:15,397  INFO userLog:getUser:62 - user hQXEChtPKs has been gotten
17:46:15,397  INFO userLog:getUser:59 - start getting user, username : UwXZzUVMOO
17:46:15,397  INFO userLog:getUser:60 - send request to get user
Request path:	http://petstore.swagger.io/v2/user/UwXZzUVMOO
Request method:	GET
Response body: 
{
    "id": 15,
    "username": "UwXZzUVMOO",
    "firstName": "OGJJavTKuf",
    "lastName": "AEYRALUNkg",
    "email": "kwuiDXLkjK",
    "password": "KboUtXqFbr",
    "phone": "fTOGfaKBUj",
    "userStatus": 59
}
17:46:15,750  INFO userLog:getUser:62 - user UwXZzUVMOO has been gotten
17:46:15,750  INFO userLog:createUsersWithArray:48 - 3 users was created
17:46:15,750  INFO userLog:deleteUsers:82 - start deleting 3 users
17:46:15,750  INFO userLog:deleteUser:140 - start delete user, username : gcufufyEJi
17:46:15,750  INFO userLog:logIn:94 - start login in user, username : gcufufyEJi password : ybjCYJMVoY
17:46:15,750  INFO userLog:logIn:46 - send request to log in
Request path:	http://petstore.swagger.io/v2/user/login?username=gcufufyEJi&password=ybjCYJMVoY
Request method:	GET
Response body: 
logged in user session:1516895176764
17:46:16,097  INFO userLog:logIn:97 - user has been logged in, username : gcufufyEJi
17:46:16,097  INFO userLog:deleteUser:73 - send request to delete user
Request path:	http://petstore.swagger.io/v2/user/gcufufyEJi
Request method:	DELETE
17:46:16,451  INFO userLog:isUserExist:78 - start check user exist, username : gcufufyEJi
17:46:16,451  INFO userLog:getUser:60 - send request to get user
Request path:	http://petstore.swagger.io/v2/user/gcufufyEJi
Request method:	GET
Response body: 
{
    "code": 1,
    "type": "error",
    "message": "User not found"
}
17:46:16,798  INFO userLog:isUserExist:83 - user gcufufyEJi is not exist
17:46:16,798  INFO userLog:deleteUser:145 - user has been deleted, username : gcufufyEJi
17:46:16,798  INFO userLog:deleteUser:140 - start delete user, username : hQXEChtPKs
17:46:16,798  INFO userLog:logIn:94 - start login in user, username : hQXEChtPKs password : lJaHsNkhjx
17:46:16,798  INFO userLog:logIn:46 - send request to log in
Request path:	http://petstore.swagger.io/v2/user/login?username=hQXEChtPKs&password=lJaHsNkhjx
Request method:	GET
Response body: 
logged in user session:1516895177817
17:46:17,152  INFO userLog:logIn:97 - user has been logged in, username : hQXEChtPKs
17:46:17,152  INFO userLog:deleteUser:73 - send request to delete user
Request path:	http://petstore.swagger.io/v2/user/hQXEChtPKs
Request method:	DELETE
17:46:17,514  INFO userLog:isUserExist:78 - start check user exist, username : hQXEChtPKs
17:46:17,514  INFO userLog:getUser:60 - send request to get user
Request path:	http://petstore.swagger.io/v2/user/hQXEChtPKs
Request method:	GET
Response body: 
{
    "code": 1,
    "type": "error",
    "message": "User not found"
}
17:46:17,868  INFO userLog:isUserExist:83 - user hQXEChtPKs is not exist
17:46:17,868  INFO userLog:deleteUser:145 - user has been deleted, username : hQXEChtPKs
17:46:17,868  INFO userLog:deleteUser:140 - start delete user, username : UwXZzUVMOO
17:46:17,868  INFO userLog:logIn:94 - start login in user, username : UwXZzUVMOO password : KboUtXqFbr
17:46:17,868  INFO userLog:logIn:46 - send request to log in
Request path:	http://petstore.swagger.io/v2/user/login?username=UwXZzUVMOO&password=KboUtXqFbr
Request method:	GET
Response body: 
logged in user session:1516895178882
17:46:18,216  INFO userLog:logIn:97 - user has been logged in, username : UwXZzUVMOO
17:46:18,216  INFO userLog:deleteUser:73 - send request to delete user
Request path:	http://petstore.swagger.io/v2/user/UwXZzUVMOO
Request method:	DELETE
17:46:18,554  INFO userLog:isUserExist:78 - start check user exist, username : UwXZzUVMOO
17:46:18,554  INFO userLog:getUser:60 - send request to get user
Request path:	http://petstore.swagger.io/v2/user/UwXZzUVMOO
Request method:	GET
Response body: 
{
    "code": 1,
    "type": "error",
    "message": "User not found"
}
17:46:18,901  INFO userLog:isUserExist:83 - user UwXZzUVMOO is not exist
17:46:18,901  INFO userLog:deleteUser:145 - user has been deleted, username : UwXZzUVMOO
17:46:18,901  INFO userLog:deleteUsers:87 - 3 users was be deleted
17:46:18,917  INFO userLog:createNewUsersWithList:48 - start create user with list test
17:46:18,917  INFO userLog:<init>:20 - connecting to http://petstore.swagger.io/v2/user
17:46:18,917  INFO userLog:<init>:20 - connecting to http://petstore.swagger.io/v2/user
17:46:18,933  INFO userLog:isUserExist:78 - start check user exist, username : NDTiEVTbIc
17:46:18,933  INFO userLog:getUser:60 - send request to get user
Request path:	http://petstore.swagger.io/v2/user/NDTiEVTbIc
Request method:	GET
Response body: 
{
    "code": 1,
    "type": "error",
    "message": "User not found"
}
17:46:19,286  INFO userLog:isUserExist:83 - user NDTiEVTbIc is not exist
17:46:19,286  INFO userLog:isUserExist:78 - start check user exist, username : kRVdRwCmFd
17:46:19,302  INFO userLog:getUser:60 - send request to get user
Request path:	http://petstore.swagger.io/v2/user/kRVdRwCmFd
Request method:	GET
Response body: 
{
    "code": 1,
    "type": "error",
    "message": "User not found"
}
17:46:19,653  INFO userLog:isUserExist:83 - user kRVdRwCmFd is not exist
17:46:19,654  INFO userLog:isUserExist:78 - start check user exist, username : ecfnnolXji
17:46:19,654  INFO userLog:getUser:60 - send request to get user
Request path:	http://petstore.swagger.io/v2/user/ecfnnolXji
Request method:	GET
Response body: 
{
    "code": 1,
    "type": "error",
    "message": "User not found"
}
17:46:20,003  INFO userLog:isUserExist:83 - user ecfnnolXji is not exist
17:46:20,003  INFO userLog:createUsersWithList:39 - send request to create user from list
Request path:	http://petstore.swagger.io/v2/user/createWithList
Request method:	POST
Body:
[
    {
        "id": 53,
        "username": "NDTiEVTbIc",
        "firstName": "sgHMxYjwrL",
        "lastName": "AwohdSRxfO",
        "email": "KyWfLjoYAx",
        "password": "tRCaRLxTuL",
        "phone": "lRWcVONEtE",
        "userStatus": 29
    },
    {
        "id": 1,
        "username": "kRVdRwCmFd",
        "firstName": "pqOhwHRfjT",
        "lastName": "cFNoNQMSVK",
        "email": "VfUzTLJZVa",
        "password": "juPolxtQHI",
        "phone": "fUeotsGegt",
        "userStatus": 47
    },
    {
        "id": 40,
        "username": "ecfnnolXji",
        "firstName": "OEYbNlRpSI",
        "lastName": "EHXyLebocg",
        "email": "xrFrWxKNbP",
        "password": "WrOTyAbDiE",
        "phone": "QPWKBlxsnD",
        "userStatus": 32
    }

17:46:20,335  INFO userLog:getUser:59 - start getting user, username : NDTiEVTbIc
17:46:20,351  INFO userLog:getUser:60 - send request to get user
Request path:	http://petstore.swagger.io/v2/user/NDTiEVTbIc
Request method:	GET
Response body: 
{
    "id": 53,
    "username": "NDTiEVTbIc",
    "firstName": "sgHMxYjwrL",
    "lastName": "AwohdSRxfO",
    "email": "KyWfLjoYAx",
    "password": "tRCaRLxTuL",
    "phone": "lRWcVONEtE",
    "userStatus": 29
}
17:46:20,720  INFO userLog:getUser:62 - user NDTiEVTbIc has been gotten
17:46:20,735  INFO userLog:getUser:59 - start getting user, username : kRVdRwCmFd
17:46:20,735  INFO userLog:getUser:60 - send request to get user
Request path:	http://petstore.swagger.io/v2/user/kRVdRwCmFd
Request method:	GET
Response body: 
{
    "id": 1,
    "username": "kRVdRwCmFd",
    "firstName": "pqOhwHRfjT",
    "lastName": "cFNoNQMSVK",
    "email": "VfUzTLJZVa",
    "password": "juPolxtQHI",
    "phone": "fUeotsGegt",
    "userStatus": 47
}
17:46:21,074  INFO userLog:getUser:62 - user kRVdRwCmFd has been gotten
17:46:21,074  INFO userLog:getUser:59 - start getting user, username : ecfnnolXji
17:46:21,074  INFO userLog:getUser:60 - send request to get user
Request path:	http://petstore.swagger.io/v2/user/ecfnnolXji
Request method:	GET
Response body: 
{
    "id": 40,
    "username": "ecfnnolXji",
    "firstName": "OEYbNlRpSI",
    "lastName": "EHXyLebocg",
    "email": "xrFrWxKNbP",
    "password": "WrOTyAbDiE",
    "phone": "QPWKBlxsnD",
    "userStatus": 32
}
17:46:21,437  INFO userLog:getUser:62 - user ecfnnolXji has been gotten
17:46:21,437  INFO userLog:deleteUsers:82 - start deleting 3 users
17:46:21,437  INFO userLog:deleteUser:140 - start delete user, username : NDTiEVTbIc
17:46:21,437  INFO userLog:logIn:94 - start login in user, username : NDTiEVTbIc password : tRCaRLxTuL
17:46:21,437  INFO userLog:logIn:46 - send request to log in
Request path:	http://petstore.swagger.io/v2/user/login?username=NDTiEVTbIc&password=tRCaRLxTuL
Request method:	GET
Response body: 
logged in user session:1516895182445
17:46:21,776  INFO userLog:logIn:97 - user has been logged in, username : NDTiEVTbIc
17:46:21,776  INFO userLog:deleteUser:73 - send request to delete user
Request path:	http://petstore.swagger.io/v2/user/NDTiEVTbIc
Request method:	DELETE
17:46:22,123  INFO userLog:isUserExist:78 - start check user exist, username : NDTiEVTbIc
17:46:22,123  INFO userLog:getUser:60 - send request to get user
Request path:	http://petstore.swagger.io/v2/user/NDTiEVTbIc
Request method:	GET
Response body: 
{
    "code": 1,
    "type": "error",
    "message": "User not found"
}
17:46:22,462  INFO userLog:isUserExist:83 - user NDTiEVTbIc is not exist
17:46:22,462  INFO userLog:deleteUser:145 - user has been deleted, username : NDTiEVTbIc
17:46:22,477  INFO userLog:deleteUser:140 - start delete user, username : kRVdRwCmFd
17:46:22,477  INFO userLog:logIn:94 - start login in user, username : kRVdRwCmFd password : juPolxtQHI
17:46:22,477  INFO userLog:logIn:46 - send request to log in
Request path:	http://petstore.swagger.io/v2/user/login?username=kRVdRwCmFd&password=juPolxtQHI
Request method:	GET
Response body: 
logged in user session:1516895183488
17:46:22,825  INFO userLog:logIn:97 - user has been logged in, username : kRVdRwCmFd
17:46:22,825  INFO userLog:deleteUser:73 - send request to delete user
Request path:	http://petstore.swagger.io/v2/user/kRVdRwCmFd
Request method:	DELETE
17:46:23,162  INFO userLog:isUserExist:78 - start check user exist, username : kRVdRwCmFd
17:46:23,162  INFO userLog:getUser:60 - send request to get user
Request path:	http://petstore.swagger.io/v2/user/kRVdRwCmFd
Request method:	GET
Response body: 
{
    "code": 1,
    "type": "error",
    "message": "User not found"
}
17:46:23,509  INFO userLog:isUserExist:83 - user kRVdRwCmFd is not exist
17:46:23,509  INFO userLog:deleteUser:145 - user has been deleted, username : kRVdRwCmFd
17:46:23,509  INFO userLog:deleteUser:140 - start delete user, username : ecfnnolXji
17:46:23,509  INFO userLog:logIn:94 - start login in user, username : ecfnnolXji password : WrOTyAbDiE
17:46:23,509  INFO userLog:logIn:46 - send request to log in
Request path:	http://petstore.swagger.io/v2/user/login?username=ecfnnolXji&password=WrOTyAbDiE
Request method:	GET
Response body: 
logged in user session:1516895184529
17:46:23,863  INFO userLog:logIn:97 - user has been logged in, username : ecfnnolXji
17:46:23,863  INFO userLog:deleteUser:73 - send request to delete user
Request path:	http://petstore.swagger.io/v2/user/ecfnnolXji
Request method:	DELETE
17:46:24,211  INFO userLog:isUserExist:78 - start check user exist, username : ecfnnolXji
17:46:24,211  INFO userLog:getUser:60 - send request to get user
Request path:	http://petstore.swagger.io/v2/user/ecfnnolXji
Request method:	GET
Response body: 
{
    "code": 1,
    "type": "error",
    "message": "User not found"
}
17:46:24,560  INFO userLog:isUserExist:83 - user ecfnnolXji is not exist
17:46:24,560  INFO userLog:deleteUser:145 - user has been deleted, username : ecfnnolXji
17:46:24,561  INFO userLog:deleteUsers:87 - 3 users was be deleted
17:46:24,564  INFO userLog:<init>:20 - connecting to http://petstore.swagger.io/v2/user
17:46:24,564  INFO userLog:login:50 - start login and logout test
17:46:24,564  INFO userLog:createUser:36 - start creating user, username : RObXseSiTr
17:46:24,564  INFO userLog:isUserExist:78 - start check user exist, username : RObXseSiTr
17:46:24,564  INFO userLog:getUser:60 - send request to get user
Request path:	http://petstore.swagger.io/v2/user/RObXseSiTr
Request method:	GET
Response body: 
{
    "code": 1,
    "type": "error",
    "message": "User not found"
}
17:46:24,912  INFO userLog:isUserExist:83 - user RObXseSiTr is not exist
17:46:24,912  INFO userLog:createUser:26 - send request to create user
Request path:	http://petstore.swagger.io/v2/user
Request method:	POST
Body:
{
    "id": 88,
    "username": "RObXseSiTr",
    "firstName": "hEHTvmHTVq",
    "lastName": "gcaWXHCPGv",
    "email": "uWLDZeQFvq",
    "password": "rzRXzMRpTv",
    "phone": "snvJzYWhYO",
    "userStatus": 30
}
17:46:25,298  INFO userLog:getUser:59 - start getting user, username : RObXseSiTr
17:46:25,298  INFO userLog:getUser:60 - send request to get user
Request path:	http://petstore.swagger.io/v2/user/RObXseSiTr
Request method:	GET
Response body: 
{
    "id": 88,
    "username": "RObXseSiTr",
    "firstName": "hEHTvmHTVq",
    "lastName": "gcaWXHCPGv",
    "email": "uWLDZeQFvq",
    "password": "rzRXzMRpTv",
    "phone": "snvJzYWhYO",
    "userStatus": 30
}
17:46:25,645  INFO userLog:getUser:62 - user RObXseSiTr has been gotten
17:46:25,645  INFO userLog:createUser:46 - user has been created, username : RObXseSiTr
17:46:25,645  INFO userLog:logIn:94 - start login in user, username : RObXseSiTr password : rzRXzMRpTv
17:46:25,645  INFO userLog:logIn:46 - send request to log in
Request path:	http://petstore.swagger.io/v2/user/login?username=RObXseSiTr&password=rzRXzMRpTv
Request method:	GET
Response body: 
logged in user session:1516895186670
17:46:26,015  INFO userLog:logIn:97 - user has been logged in, username : RObXseSiTr
17:46:26,015  INFO userLog:logOut:108 - start user logout, username : RObXseSiTr
17:46:26,015  INFO userLog:logOut:53 - send request to log out
Request path:	http://petstore.swagger.io/v2/user/logout
Request method:	GET
17:46:26,369  INFO userLog:logOut:111 - user has been logout, username : RObXseSiTr
17:46:26,369  INFO userLog:logIn:94 - start login in user, username : RObXseSiTr password : rzRXzMRpTv
17:46:26,369  INFO userLog:logIn:46 - send request to log in
Request path:	http://petstore.swagger.io/v2/user/login?username=RObXseSiTr&password=rzRXzMRpTv
Request method:	GET
Response body: 
logged in user session:1516895187402
17:46:26,732  INFO userLog:logIn:97 - user has been logged in, username : RObXseSiTr
17:46:26,732  INFO userLog:deleteUser:140 - start delete user, username : RObXseSiTr
17:46:26,732  INFO userLog:logIn:94 - start login in user, username : RObXseSiTr password : rzRXzMRpTv
17:46:26,732  INFO userLog:logIn:46 - send request to log in
Request path:	http://petstore.swagger.io/v2/user/login?username=RObXseSiTr&password=rzRXzMRpTv
Request method:	GET
Response body: 
logged in user session:1516895187751
17:46:27,086  INFO userLog:logIn:97 - user has been logged in, username : RObXseSiTr
17:46:27,086  INFO userLog:deleteUser:73 - send request to delete user
Request path:	http://petstore.swagger.io/v2/user/RObXseSiTr
Request method:	DELETE
17:46:27,433  INFO userLog:isUserExist:78 - start check user exist, username : RObXseSiTr
17:46:27,433  INFO userLog:getUser:60 - send request to get user
Request path:	http://petstore.swagger.io/v2/user/RObXseSiTr
Request method:	GET
Response body: 
{
    "code": 1,
    "type": "error",
    "message": "User not found"
}
17:46:27,786  INFO userLog:isUserExist:83 - user RObXseSiTr is not exist
17:46:27,786  INFO userLog:deleteUser:145 - user has been deleted, username : RObXseSiTr
17:46:27,802  INFO userLog:<init>:20 - connecting to http://petstore.swagger.io/v2/user
17:46:27,802  INFO userLog:simpleUser:37 - start simple user test
17:46:27,802  INFO userLog:createUser:36 - start creating user, username : jbXHGCcdeT
17:46:27,802  INFO userLog:isUserExist:78 - start check user exist, username : jbXHGCcdeT
17:46:27,802  INFO userLog:getUser:60 - send request to get user
Request path:	http://petstore.swagger.io/v2/user/jbXHGCcdeT
Request method:	GET
Response body: 
{
    "code": 1,
    "type": "error",
    "message": "User not found"
}
17:46:28,202  INFO userLog:isUserExist:83 - user jbXHGCcdeT is not exist
17:46:28,202  INFO userLog:createUser:26 - send request to create user
Request path:	http://petstore.swagger.io/v2/user
Request method:	POST
Body:
{
    "id": 7,
    "username": "jbXHGCcdeT",
    "firstName": "bsSwmpTRCQ",
    "lastName": "JyDlBMbeRw",
    "email": "EGgWWppoTL",
    "password": "PvrvkrECiD",
    "phone": "zgXGKXVGFK",
    "userStatus": 58
}
17:46:28,571  INFO userLog:getUser:59 - start getting user, username : jbXHGCcdeT
17:46:28,571  INFO userLog:getUser:60 - send request to get user
Request path:	http://petstore.swagger.io/v2/user/jbXHGCcdeT
Request method:	GET
Response body: 
{
    "id": 7,
    "username": "jbXHGCcdeT",
    "firstName": "bsSwmpTRCQ",
    "lastName": "JyDlBMbeRw",
    "email": "EGgWWppoTL",
    "password": "PvrvkrECiD",
    "phone": "zgXGKXVGFK",
    "userStatus": 58
}
17:46:28,918  INFO userLog:getUser:62 - user jbXHGCcdeT has been gotten
17:46:28,918  INFO userLog:createUser:46 - user has been created, username : jbXHGCcdeT
17:46:28,918  INFO userLog:logIn:94 - start login in user, username : jbXHGCcdeT password : PvrvkrECiD
17:46:28,918  INFO userLog:logIn:46 - send request to log in
Request path:	http://petstore.swagger.io/v2/user/login?username=jbXHGCcdeT&password=PvrvkrECiD
Request method:	GET
Response body: 
logged in user session:1516895189937
17:46:29,272  INFO userLog:logIn:97 - user has been logged in, username : jbXHGCcdeT
17:46:29,272  INFO userLog:deleteUser:140 - start delete user, username : jbXHGCcdeT
17:46:29,272  INFO userLog:logIn:94 - start login in user, username : jbXHGCcdeT password : PvrvkrECiD
17:46:29,272  INFO userLog:logIn:46 - send request to log in
Request path:	http://petstore.swagger.io/v2/user/login?username=jbXHGCcdeT&password=PvrvkrECiD
Request method:	GET
Response body: 
logged in user session:1516895190283
17:46:29,619  INFO userLog:logIn:97 - user has been logged in, username : jbXHGCcdeT
17:46:29,619  INFO userLog:deleteUser:73 - send request to delete user
Request path:	http://petstore.swagger.io/v2/user/jbXHGCcdeT
Request method:	DELETE
17:46:29,989  INFO userLog:isUserExist:78 - start check user exist, username : jbXHGCcdeT
17:46:29,989  INFO userLog:getUser:60 - send request to get user
Request path:	http://petstore.swagger.io/v2/user/jbXHGCcdeT
Request method:	GET
Response body: 
{
    "code": 1,
    "type": "error",
    "message": "User not found"
}
17:46:30,336  INFO userLog:isUserExist:83 - user jbXHGCcdeT is not exist
17:46:30,336  INFO userLog:deleteUser:145 - user has been deleted, username : jbXHGCcdeT
17:46:30,352  INFO userLog:<init>:20 - connecting to http://petstore.swagger.io/v2/user
17:46:30,352  INFO userLog:updateUser:63 - start update user test
17:46:30,352  INFO userLog:createUser:36 - start creating user, username : CsGojHfhPn
17:46:30,352  INFO userLog:isUserExist:78 - start check user exist, username : CsGojHfhPn
17:46:30,352  INFO userLog:getUser:60 - send request to get user
Request path:	http://petstore.swagger.io/v2/user/CsGojHfhPn
Request method:	GET
Response body: 
{
    "code": 1,
    "type": "error",
    "message": "User not found"
}
17:46:30,705  INFO userLog:isUserExist:83 - user CsGojHfhPn is not exist
17:46:30,705  INFO userLog:createUser:26 - send request to create user
Request path:	http://petstore.swagger.io/v2/user
Request method:	POST
Body:
{
    "id": 99,
    "username": "CsGojHfhPn",
    "firstName": "lcRIqDZWXT",
    "lastName": "iZQyZJrxkP",
    "email": "bSKNuIXANX",
    "password": "RzcIZXplPB",
    "phone": "hRoIOjOetC",
    "userStatus": 51
}
17:46:31,089  INFO userLog:getUser:59 - start getting user, username : CsGojHfhPn
17:46:31,089  INFO userLog:getUser:60 - send request to get user
Request path:	http://petstore.swagger.io/v2/user/CsGojHfhPn
Request method:	GET
Response body: 
{
    "id": 99,
    "username": "CsGojHfhPn",
    "firstName": "lcRIqDZWXT",
    "lastName": "iZQyZJrxkP",
    "email": "bSKNuIXANX",
    "password": "RzcIZXplPB",
    "phone": "hRoIOjOetC",
    "userStatus": 51
}
17:46:31,437  INFO userLog:getUser:62 - user CsGojHfhPn has been gotten
17:46:31,437  INFO userLog:createUser:46 - user has been created, username : CsGojHfhPn
17:46:31,437  INFO userLog:logIn:94 - start login in user, username : CsGojHfhPn password : RzcIZXplPB
17:46:31,437  INFO userLog:logIn:46 - send request to log in
Request path:	http://petstore.swagger.io/v2/user/login?username=CsGojHfhPn&password=RzcIZXplPB
Request method:	GET
Response body: 
logged in user session:1516895192448
17:46:31,774  INFO userLog:logIn:97 - user has been logged in, username : CsGojHfhPn
17:46:31,789  INFO userLog:updateUser:122 - start update user, username : CsGojHfhPn
17:46:31,789  INFO userLog:updateUser:66 - send request to update user
Request path:	http://petstore.swagger.io/v2/user/CsGojHfhPn
Request method:	PUT
Body:
{
    "id": 99,
    "username": "CsGojHfhPn",
    "firstName": "lcRIqDZWXT",
    "lastName": "yzplwYnjpy",
    "email": "bSKNuIXANX",
    "password": "RzcIZXplPB",
    "phone": "jKENAVtCQV",
    "userStatus": 51
}
17:46:32,136  INFO userLog:getUser:59 - start getting user, username : CsGojHfhPn
17:46:32,136  INFO userLog:getUser:60 - send request to get user
Request path:	http://petstore.swagger.io/v2/user/CsGojHfhPn
Request method:	GET
Response body: 
{
    "id": 99,
    "username": "CsGojHfhPn",
    "firstName": "lcRIqDZWXT",
    "lastName": "yzplwYnjpy",
    "email": "bSKNuIXANX",
    "password": "RzcIZXplPB",
    "phone": "jKENAVtCQV",
    "userStatus": 51
}
17:46:32,473  INFO userLog:getUser:62 - user CsGojHfhPn has been gotten
17:46:32,489  INFO userLog:updateUser:128 - user has been updated, username : CsGojHfhPn
17:46:32,489  INFO userLog:logOut:108 - start user logout, username : CsGojHfhPn
17:46:32,489  INFO userLog:logOut:53 - send request to log out
Request path:	http://petstore.swagger.io/v2/user/logout
Request method:	GET
17:46:32,821  INFO userLog:logOut:111 - user has been logout, username : CsGojHfhPn
17:46:32,821  INFO userLog:logIn:94 - start login in user, username : CsGojHfhPn password : RzcIZXplPB
17:46:32,821  INFO userLog:logIn:46 - send request to log in
Request path:	http://petstore.swagger.io/v2/user/login?username=CsGojHfhPn&password=RzcIZXplPB
Request method:	GET
Response body: 
logged in user session:1516895193845
17:46:33,174  INFO userLog:logIn:97 - user has been logged in, username : CsGojHfhPn
17:46:33,190  INFO userLog:deleteUser:140 - start delete user, username : CsGojHfhPn
17:46:33,190  INFO userLog:logIn:94 - start login in user, username : CsGojHfhPn password : RzcIZXplPB
17:46:33,190  INFO userLog:logIn:46 - send request to log in
Request path:	http://petstore.swagger.io/v2/user/login?username=CsGojHfhPn&password=RzcIZXplPB
Request method:	GET
Response body: 
logged in user session:1516895194206
17:46:33,538  INFO userLog:logIn:97 - user has been logged in, username : CsGojHfhPn
17:46:33,553  INFO userLog:deleteUser:73 - send request to delete user
Request path:	http://petstore.swagger.io/v2/user/CsGojHfhPn
Request method:	DELETE
17:46:33,891  INFO userLog:isUserExist:78 - start check user exist, username : CsGojHfhPn
17:46:33,891  INFO userLog:getUser:60 - send request to get user
Request path:	http://petstore.swagger.io/v2/user/CsGojHfhPn
Request method:	GET
Response body: 
{
    "code": 1,
    "type": "error",
    "message": "User not found"
}
17:46:34,238  INFO userLog:isUserExist:83 - user CsGojHfhPn is not exist
17:46:34,238  INFO userLog:deleteUser:145 - user has been deleted, username : CsGojHfhPn
17:51:00,967  INFO userLog:createNewUsersWithArray:37 - start create user with array test
17:51:00,982  INFO userLog:<init>:20 - connecting to http://petstore.swagger.io/v2/user
17:51:00,998  INFO userLog:<init>:20 - connecting to http://petstore.swagger.io/v2/user
17:51:00,998  INFO userLog:createUsersWithArray:33 - start creating 3 users
17:51:00,998  INFO userLog:isUserExist:78 - start check user exist, username : pADdWXUoan
17:51:00,998  INFO userLog:getUser:60 - send request to get user
Request path:	http://petstore.swagger.io/v2/user/pADdWXUoan
Request method:	GET
Response body: 
{
    "code": 1,
    "type": "error",
    "message": "User not found"
}
17:51:01,336  INFO userLog:isUserExist:83 - user pADdWXUoan is not exist
17:51:01,336  INFO userLog:isUserExist:78 - start check user exist, username : HSQWszpKgi
17:51:01,351  INFO userLog:getUser:60 - send request to get user
Request path:	http://petstore.swagger.io/v2/user/HSQWszpKgi
Request method:	GET
Response body: 
{
    "code": 1,
    "type": "error",
    "message": "User not found"
}
17:51:01,682  INFO userLog:isUserExist:83 - user HSQWszpKgi is not exist
17:51:01,698  INFO userLog:isUserExist:78 - start check user exist, username : aVcyNjOYEn
17:51:01,698  INFO userLog:getUser:60 - send request to get user
Request path:	http://petstore.swagger.io/v2/user/aVcyNjOYEn
Request method:	GET
Response body: 
{
    "code": 1,
    "type": "error",
    "message": "User not found"
}
17:51:02,037  INFO userLog:isUserExist:83 - user aVcyNjOYEn is not exist
17:51:02,037  INFO userLog:createUsersWithArray:32 - send request to create user from array
Request path:	http://petstore.swagger.io/v2/user/createWithArray
Request method:	POST
Body:
[
    {
        "id": 13,
        "username": "pADdWXUoan",
        "firstName": "iTfFtGKyuS",
        "lastName": "sXSFXhEWLg",
        "email": "selmRKLsHN",
        "password": "NrECpeyEjZ",
        "phone": "eCIXDlRSKN",
        "userStatus": 21
    },
    {
        "id": 29,
        "username": "HSQWszpKgi",
        "firstName": "XWgCiysMxo",
        "lastName": "gUeYZpvbDR",
        "email": "qkbsgquuSP",
        "password": "bJoHCebCdj",
        "phone": "XXayCsXQhz",
        "userStatus": 100
    },
    {
        "id": 53,
        "username": "aVcyNjOYEn",
        "firstName": "zYxNsuSnHY",
        "lastName": "rUbDdamGfp",
        "email": "ZOAwKBNnVd",
        "password": "BYPNPVCUQi",
        "phone": "qufLKfuYuv",
        "userStatus": 24
    }

17:51:02,400  INFO userLog:getUser:59 - start getting user, username : pADdWXUoan
17:51:02,400  INFO userLog:getUser:60 - send request to get user
Request path:	http://petstore.swagger.io/v2/user/pADdWXUoan
Request method:	GET
Response body: 
{
    "id": 13,
    "username": "pADdWXUoan",
    "firstName": "iTfFtGKyuS",
    "lastName": "sXSFXhEWLg",
    "email": "selmRKLsHN",
    "password": "NrECpeyEjZ",
    "phone": "eCIXDlRSKN",
    "userStatus": 21
}
17:51:02,738  INFO userLog:getUser:62 - user pADdWXUoan has been gotten
17:51:02,753  INFO userLog:getUser:59 - start getting user, username : HSQWszpKgi
17:51:02,753  INFO userLog:getUser:60 - send request to get user
Request path:	http://petstore.swagger.io/v2/user/HSQWszpKgi
Request method:	GET
Response body: 
{
    "id": 29,
    "username": "HSQWszpKgi",
    "firstName": "XWgCiysMxo",
    "lastName": "gUeYZpvbDR",
    "email": "qkbsgquuSP",
    "password": "bJoHCebCdj",
    "phone": "XXayCsXQhz",
    "userStatus": 100
}
17:51:03,101  INFO userLog:getUser:62 - user HSQWszpKgi has been gotten
17:51:03,101  INFO userLog:getUser:59 - start getting user, username : aVcyNjOYEn
17:51:03,101  INFO userLog:getUser:60 - send request to get user
Request path:	http://petstore.swagger.io/v2/user/aVcyNjOYEn
Request method:	GET
Response body: 
{
    "id": 53,
    "username": "aVcyNjOYEn",
    "firstName": "zYxNsuSnHY",
    "lastName": "rUbDdamGfp",
    "email": "ZOAwKBNnVd",
    "password": "BYPNPVCUQi",
    "phone": "qufLKfuYuv",
    "userStatus": 24
}
17:51:03,439  INFO userLog:getUser:62 - user aVcyNjOYEn has been gotten
17:51:03,439  INFO userLog:createUsersWithArray:48 - 3 users was created
17:51:03,439  INFO userLog:deleteUsers:82 - start deleting 3 users
17:51:03,454  INFO userLog:deleteUser:140 - start delete user, username : pADdWXUoan
17:51:03,454  INFO userLog:logIn:94 - start login in user, username : pADdWXUoan password : NrECpeyEjZ
17:51:03,454  INFO userLog:logIn:46 - send request to log in
Request path:	http://petstore.swagger.io/v2/user/login?username=pADdWXUoan&password=NrECpeyEjZ
Request method:	GET
Response body: 
logged in user session:1516895464479
17:51:03,802  INFO userLog:logIn:97 - user has been logged in, username : pADdWXUoan
17:51:03,802  INFO userLog:deleteUser:73 - send request to delete user
Request path:	http://petstore.swagger.io/v2/user/pADdWXUoan
Request method:	DELETE
17:51:04,156  INFO userLog:isUserExist:78 - start check user exist, username : pADdWXUoan
17:51:04,156  INFO userLog:getUser:60 - send request to get user
Request path:	http://petstore.swagger.io/v2/user/pADdWXUoan
Request method:	GET
Response body: 
{
    "code": 1,
    "type": "error",
    "message": "User not found"
}
17:51:04,488  INFO userLog:isUserExist:83 - user pADdWXUoan is not exist
17:51:04,504  INFO userLog:deleteUser:145 - user has been deleted, username : pADdWXUoan
17:51:04,504  INFO userLog:deleteUser:140 - start delete user, username : HSQWszpKgi
17:51:04,504  INFO userLog:logIn:94 - start login in user, username : HSQWszpKgi password : bJoHCebCdj
17:51:04,504  INFO userLog:logIn:46 - send request to log in
Request path:	http://petstore.swagger.io/v2/user/login?username=HSQWszpKgi&password=bJoHCebCdj
Request method:	GET
Response body: 
logged in user session:1516895465516
17:51:04,842  INFO userLog:logIn:97 - user has been logged in, username : HSQWszpKgi
17:51:04,842  INFO userLog:deleteUser:73 - send request to delete user
Request path:	http://petstore.swagger.io/v2/user/HSQWszpKgi
Request method:	DELETE
17:51:05,258  INFO userLog:isUserExist:78 - start check user exist, username : HSQWszpKgi
17:51:05,274  INFO userLog:getUser:60 - send request to get user
Request path:	http://petstore.swagger.io/v2/user/HSQWszpKgi
Request method:	GET
Response body: 
{
    "code": 1,
    "type": "error",
    "message": "User not found"
}
17:51:05,627  INFO userLog:isUserExist:83 - user HSQWszpKgi is not exist
17:51:05,628  INFO userLog:deleteUser:145 - user has been deleted, username : HSQWszpKgi
17:51:05,628  INFO userLog:deleteUser:140 - start delete user, username : aVcyNjOYEn
17:51:05,628  INFO userLog:logIn:94 - start login in user, username : aVcyNjOYEn password : BYPNPVCUQi
17:51:05,628  INFO userLog:logIn:46 - send request to log in
Request path:	http://petstore.swagger.io/v2/user/login?username=aVcyNjOYEn&password=BYPNPVCUQi
Request method:	GET
Response body: 
logged in user session:1516895466723
17:51:06,044  INFO userLog:logIn:97 - user has been logged in, username : aVcyNjOYEn
17:51:06,044  INFO userLog:deleteUser:73 - send request to delete user
Request path:	http://petstore.swagger.io/v2/user/aVcyNjOYEn
Request method:	DELETE
17:51:06,392  INFO userLog:isUserExist:78 - start check user exist, username : aVcyNjOYEn
17:51:06,392  INFO userLog:getUser:60 - send request to get user
Request path:	http://petstore.swagger.io/v2/user/aVcyNjOYEn
Request method:	GET
Response body: 
{
    "code": 1,
    "type": "error",
    "message": "User not found"
}
17:51:06,745  INFO userLog:isUserExist:83 - user aVcyNjOYEn is not exist
17:51:06,745  INFO userLog:deleteUser:145 - user has been deleted, username : aVcyNjOYEn
17:51:06,745  INFO userLog:deleteUsers:87 - 3 users was be deleted
17:51:06,761  INFO userLog:createNewUsersWithList:48 - start create user with list test
17:51:06,761  INFO userLog:<init>:20 - connecting to http://petstore.swagger.io/v2/user
17:51:06,761  INFO userLog:<init>:20 - connecting to http://petstore.swagger.io/v2/user
17:51:06,761  INFO userLog:isUserExist:78 - start check user exist, username : PhPYWewqWt
17:51:06,761  INFO userLog:getUser:60 - send request to get user
Request path:	http://petstore.swagger.io/v2/user/PhPYWewqWt
Request method:	GET
Response body: 
{
    "code": 1,
    "type": "error",
    "message": "User not found"
}
17:51:07,108  INFO userLog:isUserExist:83 - user PhPYWewqWt is not exist
17:51:07,108  INFO userLog:isUserExist:78 - start check user exist, username : mbJPTZmwFI
17:51:07,108  INFO userLog:getUser:60 - send request to get user
Request path:	http://petstore.swagger.io/v2/user/mbJPTZmwFI
Request method:	GET
Response body: 
{
    "code": 1,
    "type": "error",
    "message": "User not found"
}
17:51:07,445  INFO userLog:isUserExist:83 - user mbJPTZmwFI is not exist
17:51:07,445  INFO userLog:isUserExist:78 - start check user exist, username : uWZdrKNGpQ
17:51:07,445  INFO userLog:getUser:60 - send request to get user
Request path:	http://petstore.swagger.io/v2/user/uWZdrKNGpQ
Request method:	GET
Response body: 
{
    "code": 1,
    "type": "error",
    "message": "User not found"
}
17:51:07,830  INFO userLog:isUserExist:83 - user uWZdrKNGpQ is not exist
17:51:07,830  INFO userLog:createUsersWithList:39 - send request to create user from list
Request path:	http://petstore.swagger.io/v2/user/createWithList
Request method:	POST
Body:
[
    {
        "id": 61,
        "username": "PhPYWewqWt",
        "firstName": "FIeIHHXGkW",
        "lastName": "qnVyPMzPHh",
        "email": "JZpRuaMIlL",
        "password": "RRdSPHQamP",
        "phone": "ELPLaKulXh",
        "userStatus": 22
    },
    {
        "id": 76,
        "username": "mbJPTZmwFI",
        "firstName": "iRuiKHJvXa",
        "lastName": "cxwtznqWKT",
        "email": "JrFHccWAKd",
        "password": "TCxlvRkBFg",
        "phone": "QTgPzeduma",
        "userStatus": 78
    },
    {
        "id": 99,
        "username": "uWZdrKNGpQ",
        "firstName": "KFKDmoZNQU",
        "lastName": "GGDwcntUVh",
        "email": "emKSGNcrjo",
        "password": "fdUOzREjpW",
        "phone": "HwwFoNJZjM",
        "userStatus": 99
    }

17:51:08,178  INFO userLog:getUser:59 - start getting user, username : PhPYWewqWt
17:51:08,178  INFO userLog:getUser:60 - send request to get user
Request path:	http://petstore.swagger.io/v2/user/PhPYWewqWt
Request method:	GET
Response body: 
{
    "id": 61,
    "username": "PhPYWewqWt",
    "firstName": "FIeIHHXGkW",
    "lastName": "qnVyPMzPHh",
    "email": "JZpRuaMIlL",
    "password": "RRdSPHQamP",
    "phone": "ELPLaKulXh",
    "userStatus": 22
}
17:51:08,531  INFO userLog:getUser:62 - user PhPYWewqWt has been gotten
17:51:08,531  INFO userLog:getUser:59 - start getting user, username : mbJPTZmwFI
17:51:08,531  INFO userLog:getUser:60 - send request to get user
Request path:	http://petstore.swagger.io/v2/user/mbJPTZmwFI
Request method:	GET
Response body: 
{
    "id": 76,
    "username": "mbJPTZmwFI",
    "firstName": "iRuiKHJvXa",
    "lastName": "cxwtznqWKT",
    "email": "JrFHccWAKd",
    "password": "TCxlvRkBFg",
    "phone": "QTgPzeduma",
    "userStatus": 78
}
17:51:08,894  INFO userLog:getUser:62 - user mbJPTZmwFI has been gotten
17:51:08,894  INFO userLog:getUser:59 - start getting user, username : uWZdrKNGpQ
17:51:08,894  INFO userLog:getUser:60 - send request to get user
Request path:	http://petstore.swagger.io/v2/user/uWZdrKNGpQ
Request method:	GET
Response body: 
{
    "id": 99,
    "username": "uWZdrKNGpQ",
    "firstName": "KFKDmoZNQU",
    "lastName": "GGDwcntUVh",
    "email": "emKSGNcrjo",
    "password": "fdUOzREjpW",
    "phone": "HwwFoNJZjM",
    "userStatus": 99
}
17:51:09,233  INFO userLog:getUser:62 - user uWZdrKNGpQ has been gotten
17:51:09,233  INFO userLog:deleteUsers:82 - start deleting 3 users
17:51:09,233  INFO userLog:deleteUser:140 - start delete user, username : PhPYWewqWt
17:51:09,233  INFO userLog:logIn:94 - start login in user, username : PhPYWewqWt password : RRdSPHQamP
17:51:09,233  INFO userLog:logIn:46 - send request to log in
Request path:	http://petstore.swagger.io/v2/user/login?username=PhPYWewqWt&password=RRdSPHQamP
Request method:	GET
Response body: 
logged in user session:1516895470258
17:51:09,580  INFO userLog:logIn:97 - user has been logged in, username : PhPYWewqWt
17:51:09,580  INFO userLog:deleteUser:73 - send request to delete user
Request path:	http://petstore.swagger.io/v2/user/PhPYWewqWt
Request method:	DELETE
17:51:09,933  INFO userLog:isUserExist:78 - start check user exist, username : PhPYWewqWt
17:51:09,934  INFO userLog:getUser:60 - send request to get user
Request path:	http://petstore.swagger.io/v2/user/PhPYWewqWt
Request method:	GET
Response body: 
{
    "code": 1,
    "type": "error",
    "message": "User not found"
}
17:51:11,465  INFO userLog:isUserExist:83 - user PhPYWewqWt is not exist
17:51:11,465  INFO userLog:deleteUser:145 - user has been deleted, username : PhPYWewqWt
17:51:11,465  INFO userLog:deleteUser:140 - start delete user, username : mbJPTZmwFI
17:51:11,465  INFO userLog:logIn:94 - start login in user, username : mbJPTZmwFI password : TCxlvRkBFg
17:51:11,465  INFO userLog:logIn:46 - send request to log in
Request path:	http://petstore.swagger.io/v2/user/login?username=mbJPTZmwFI&password=TCxlvRkBFg
Request method:	GET
Response body: 
logged in user session:1516895472484
17:51:11,813  INFO userLog:logIn:97 - user has been logged in, username : mbJPTZmwFI
17:51:11,813  INFO userLog:deleteUser:73 - send request to delete user
Request path:	http://petstore.swagger.io/v2/user/mbJPTZmwFI
Request method:	DELETE
17:51:12,151  INFO userLog:isUserExist:78 - start check user exist, username : mbJPTZmwFI
17:51:12,151  INFO userLog:getUser:60 - send request to get user
Request path:	http://petstore.swagger.io/v2/user/mbJPTZmwFI
Request method:	GET
Response body: 
{
    "code": 1,
    "type": "error",
    "message": "User not found"
}
17:51:12,499  INFO userLog:isUserExist:83 - user mbJPTZmwFI is not exist
17:51:12,499  INFO userLog:deleteUser:145 - user has been deleted, username : mbJPTZmwFI
17:51:12,499  INFO userLog:deleteUser:140 - start delete user, username : uWZdrKNGpQ
17:51:12,499  INFO userLog:logIn:94 - start login in user, username : uWZdrKNGpQ password : fdUOzREjpW
17:51:12,499  INFO userLog:logIn:46 - send request to log in
Request path:	http://petstore.swagger.io/v2/user/login?username=uWZdrKNGpQ&password=fdUOzREjpW
Request method:	GET
Response body: 
logged in user session:1516895473515
17:51:12,852  INFO userLog:logIn:97 - user has been logged in, username : uWZdrKNGpQ
17:51:12,852  INFO userLog:deleteUser:73 - send request to delete user
Request path:	http://petstore.swagger.io/v2/user/uWZdrKNGpQ
Request method:	DELETE
17:51:13,184  INFO userLog:isUserExist:78 - start check user exist, username : uWZdrKNGpQ
17:51:13,184  INFO userLog:getUser:60 - send request to get user
Request path:	http://petstore.swagger.io/v2/user/uWZdrKNGpQ
Request method:	GET
Response body: 
{
    "code": 1,
    "type": "error",
    "message": "User not found"
}
17:51:13,536  INFO userLog:isUserExist:83 - user uWZdrKNGpQ is not exist
17:51:13,537  INFO userLog:deleteUser:145 - user has been deleted, username : uWZdrKNGpQ
17:51:13,537  INFO userLog:deleteUsers:87 - 3 users was be deleted
17:51:13,538  INFO userLog:<init>:20 - connecting to http://petstore.swagger.io/v2/user
17:51:13,538  INFO userLog:login:50 - start login and logout test
17:51:13,538  INFO userLog:createUser:36 - start creating user, username : ktnBTKFJEF
17:51:13,538  INFO userLog:isUserExist:78 - start check user exist, username : ktnBTKFJEF
17:51:13,538  INFO userLog:getUser:60 - send request to get user
Request path:	http://petstore.swagger.io/v2/user/ktnBTKFJEF
Request method:	GET
Response body: 
{
    "code": 1,
    "type": "error",
    "message": "User not found"
}
17:51:13,886  INFO userLog:isUserExist:83 - user ktnBTKFJEF is not exist
17:51:13,886  INFO userLog:createUser:26 - send request to create user
Request path:	http://petstore.swagger.io/v2/user
Request method:	POST
Body:
{
    "id": 57,
    "username": "ktnBTKFJEF",
    "firstName": "UPuXKgesxV",
    "lastName": "UmvELtSPnG",
    "email": "QoFnqYilpu",
    "password": "UtShKhpOrG",
    "phone": "lkzfjoWlcR",
    "userStatus": 34
}
17:51:14,239  INFO userLog:getUser:59 - start getting user, username : ktnBTKFJEF
17:51:14,239  INFO userLog:getUser:60 - send request to get user
Request path:	http://petstore.swagger.io/v2/user/ktnBTKFJEF
Request method:	GET
Response body: 
{
    "id": 57,
    "username": "ktnBTKFJEF",
    "firstName": "UPuXKgesxV",
    "lastName": "UmvELtSPnG",
    "email": "QoFnqYilpu",
    "password": "UtShKhpOrG",
    "phone": "lkzfjoWlcR",
    "userStatus": 34
}
17:51:14,570  INFO userLog:getUser:62 - user ktnBTKFJEF has been gotten
17:51:14,586  INFO userLog:createUser:46 - user has been created, username : ktnBTKFJEF
17:51:14,586  INFO userLog:logIn:94 - start login in user, username : ktnBTKFJEF password : UtShKhpOrG
17:51:14,586  INFO userLog:logIn:46 - send request to log in
Request path:	http://petstore.swagger.io/v2/user/login?username=ktnBTKFJEF&password=UtShKhpOrG
Request method:	GET
Response body: 
logged in user session:1516895475596
17:51:14,918  INFO userLog:logIn:97 - user has been logged in, username : ktnBTKFJEF
17:51:14,918  INFO userLog:logOut:108 - start user logout, username : ktnBTKFJEF
17:51:14,918  INFO userLog:logOut:53 - send request to log out
Request path:	http://petstore.swagger.io/v2/user/logout
Request method:	GET
17:51:15,272  INFO userLog:logOut:111 - user has been logout, username : ktnBTKFJEF
17:51:15,272  INFO userLog:logIn:94 - start login in user, username : ktnBTKFJEF password : UtShKhpOrG
17:51:15,272  INFO userLog:logIn:46 - send request to log in
Request path:	http://petstore.swagger.io/v2/user/login?username=ktnBTKFJEF&password=UtShKhpOrG
Request method:	GET
Response body: 
logged in user session:1516895476289
17:51:15,619  INFO userLog:logIn:97 - user has been logged in, username : ktnBTKFJEF
17:51:15,619  INFO userLog:deleteUser:140 - start delete user, username : ktnBTKFJEF
17:51:15,619  INFO userLog:logIn:94 - start login in user, username : ktnBTKFJEF password : UtShKhpOrG
17:51:15,619  INFO userLog:logIn:46 - send request to log in
Request path:	http://petstore.swagger.io/v2/user/login?username=ktnBTKFJEF&password=UtShKhpOrG
Request method:	GET
Response body: 
logged in user session:1516895476643
17:51:15,973  INFO userLog:logIn:97 - user has been logged in, username : ktnBTKFJEF
17:51:15,973  INFO userLog:deleteUser:73 - send request to delete user
Request path:	http://petstore.swagger.io/v2/user/ktnBTKFJEF
Request method:	DELETE
17:51:16,342  INFO userLog:isUserExist:78 - start check user exist, username : ktnBTKFJEF
17:51:16,342  INFO userLog:getUser:60 - send request to get user
Request path:	http://petstore.swagger.io/v2/user/ktnBTKFJEF
Request method:	GET
Response body: 
{
    "code": 1,
    "type": "error",
    "message": "User not found"
}
17:51:16,689  INFO userLog:isUserExist:83 - user ktnBTKFJEF is not exist
17:51:16,689  INFO userLog:deleteUser:145 - user has been deleted, username : ktnBTKFJEF
17:51:16,689  INFO userLog:<init>:20 - connecting to http://petstore.swagger.io/v2/user
17:51:16,689  INFO userLog:simpleUser:37 - start simple user test
17:51:16,689  INFO userLog:createUser:36 - start creating user, username : ASVLGadzcv
17:51:16,704  INFO userLog:isUserExist:78 - start check user exist, username : ASVLGadzcv
17:51:16,704  INFO userLog:getUser:60 - send request to get user
Request path:	http://petstore.swagger.io/v2/user/ASVLGadzcv
Request method:	GET
Response body: 
{
    "code": 1,
    "type": "error",
    "message": "User not found"
}
17:51:17,044  INFO userLog:isUserExist:83 - user ASVLGadzcv is not exist
17:51:17,044  INFO userLog:createUser:26 - send request to create user
Request path:	http://petstore.swagger.io/v2/user
Request method:	POST
Body:
{
    "id": 78,
    "username": "ASVLGadzcv",
    "firstName": "NTxmwZREok",
    "lastName": "FJHPTbJxRO",
    "email": "KfZkgBTeQF",
    "password": "fVielbOlPr",
    "phone": "ZNaotsKeWv",
    "userStatus": 59
}
17:51:17,391  INFO userLog:getUser:59 - start getting user, username : ASVLGadzcv
17:51:17,391  INFO userLog:getUser:60 - send request to get user
Request path:	http://petstore.swagger.io/v2/user/ASVLGadzcv
Request method:	GET
Response body: 
{
    "id": 78,
    "username": "ASVLGadzcv",
    "firstName": "NTxmwZREok",
    "lastName": "FJHPTbJxRO",
    "email": "KfZkgBTeQF",
    "password": "fVielbOlPr",
    "phone": "ZNaotsKeWv",
    "userStatus": 59
}
17:51:17,741  INFO userLog:getUser:62 - user ASVLGadzcv has been gotten
17:51:17,744  INFO userLog:createUser:46 - user has been created, username : ASVLGadzcv
17:51:17,745  INFO userLog:logIn:94 - start login in user, username : ASVLGadzcv password : fVielbOlPr
17:51:17,745  INFO userLog:logIn:46 - send request to log in
Request path:	http://petstore.swagger.io/v2/user/login?username=ASVLGadzcv&password=fVielbOlPr
Request method:	GET
Response body: 
logged in user session:1516895478755
17:51:18,093  INFO userLog:logIn:97 - user has been logged in, username : ASVLGadzcv
17:51:18,093  INFO userLog:deleteUser:140 - start delete user, username : ASVLGadzcv
17:51:18,093  INFO userLog:logIn:94 - start login in user, username : ASVLGadzcv password : fVielbOlPr
17:51:18,093  INFO userLog:logIn:46 - send request to log in
Request path:	http://petstore.swagger.io/v2/user/login?username=ASVLGadzcv&password=fVielbOlPr
Request method:	GET
Response body: 
logged in user session:1516895479131
17:51:18,462  INFO userLog:logIn:97 - user has been logged in, username : ASVLGadzcv
17:51:18,462  INFO userLog:deleteUser:73 - send request to delete user
Request path:	http://petstore.swagger.io/v2/user/ASVLGadzcv
Request method:	DELETE
17:51:18,809  INFO userLog:isUserExist:78 - start check user exist, username : ASVLGadzcv
17:51:18,809  INFO userLog:getUser:60 - send request to get user
Request path:	http://petstore.swagger.io/v2/user/ASVLGadzcv
Request method:	GET
Response body: 
{
    "code": 1,
    "type": "error",
    "message": "User not found"
}
17:51:19,163  INFO userLog:isUserExist:83 - user ASVLGadzcv is not exist
17:51:19,163  INFO userLog:deleteUser:145 - user has been deleted, username : ASVLGadzcv
17:51:19,163  INFO userLog:<init>:20 - connecting to http://petstore.swagger.io/v2/user
17:51:19,163  INFO userLog:updateUser:63 - start update user test
17:51:19,163  INFO userLog:createUser:36 - start creating user, username : ZcFPdwCWBD
17:51:19,163  INFO userLog:isUserExist:78 - start check user exist, username : ZcFPdwCWBD
17:51:19,163  INFO userLog:getUser:60 - send request to get user
Request path:	http://petstore.swagger.io/v2/user/ZcFPdwCWBD
Request method:	GET
Response body: 
{
    "code": 1,
    "type": "error",
    "message": "User not found"
}
17:51:19,510  INFO userLog:isUserExist:83 - user ZcFPdwCWBD is not exist
17:51:19,510  INFO userLog:createUser:26 - send request to create user
Request path:	http://petstore.swagger.io/v2/user
Request method:	POST
Body:
{
    "id": 76,
    "username": "ZcFPdwCWBD",
    "firstName": "xhkoxapiFo",
    "lastName": "eoEztnjpnB",
    "email": "NuXfKdoSvP",
    "password": "vjxhoVUUUp",
    "phone": "QJpkFguxsE",
    "userStatus": 10
}
17:51:19,849  INFO userLog:getUser:59 - start getting user, username : ZcFPdwCWBD
17:51:19,849  INFO userLog:getUser:60 - send request to get user
Request path:	http://petstore.swagger.io/v2/user/ZcFPdwCWBD
Request method:	GET
Response body: 
{
    "id": 76,
    "username": "ZcFPdwCWBD",
    "firstName": "xhkoxapiFo",
    "lastName": "eoEztnjpnB",
    "email": "NuXfKdoSvP",
    "password": "vjxhoVUUUp",
    "phone": "QJpkFguxsE",
    "userStatus": 10
}
17:51:20,196  INFO userLog:getUser:62 - user ZcFPdwCWBD has been gotten
17:51:20,196  INFO userLog:createUser:46 - user has been created, username : ZcFPdwCWBD
17:51:20,196  INFO userLog:logIn:94 - start login in user, username : ZcFPdwCWBD password : vjxhoVUUUp
17:51:20,196  INFO userLog:logIn:46 - send request to log in
Request path:	http://petstore.swagger.io/v2/user/login?username=ZcFPdwCWBD&password=vjxhoVUUUp
Request method:	GET
Response body: 
logged in user session:1516895481220
17:51:20,550  INFO userLog:logIn:97 - user has been logged in, username : ZcFPdwCWBD
17:51:20,550  INFO userLog:updateUser:122 - start update user, username : ZcFPdwCWBD
17:51:20,550  INFO userLog:updateUser:66 - send request to update user
Request path:	http://petstore.swagger.io/v2/user/ZcFPdwCWBD
Request method:	PUT
Body:
{
    "id": 76,
    "username": "ZcFPdwCWBD",
    "firstName": "xhkoxapiFo",
    "lastName": "NHjWSmILAs",
    "email": "NuXfKdoSvP",
    "password": "vjxhoVUUUp",
    "phone": "GcYkrWIyrh",
    "userStatus": 10
}
17:51:20,913  INFO userLog:getUser:59 - start getting user, username : ZcFPdwCWBD
17:51:20,913  INFO userLog:getUser:60 - send request to get user
Request path:	http://petstore.swagger.io/v2/user/ZcFPdwCWBD
Request method:	GET
Response body: 
{
    "id": 76,
    "username": "ZcFPdwCWBD",
    "firstName": "xhkoxapiFo",
    "lastName": "NHjWSmILAs",
    "email": "NuXfKdoSvP",
    "password": "vjxhoVUUUp",
    "phone": "GcYkrWIyrh",
    "userStatus": 10
}
17:51:21,314  INFO userLog:getUser:62 - user ZcFPdwCWBD has been gotten
17:51:21,314  INFO userLog:updateUser:128 - user has been updated, username : ZcFPdwCWBD
17:51:21,314  INFO userLog:logOut:108 - start user logout, username : ZcFPdwCWBD
17:51:21,314  INFO userLog:logOut:53 - send request to log out
Request path:	http://petstore.swagger.io/v2/user/logout
Request method:	GET
17:51:21,651  INFO userLog:logOut:111 - user has been logout, username : ZcFPdwCWBD
17:51:21,651  INFO userLog:logIn:94 - start login in user, username : ZcFPdwCWBD password : vjxhoVUUUp
17:51:21,651  INFO userLog:logIn:46 - send request to log in
Request path:	http://petstore.swagger.io/v2/user/login?username=ZcFPdwCWBD&password=vjxhoVUUUp
Request method:	GET
Response body: 
logged in user session:1516895482668
17:51:21,998  INFO userLog:logIn:97 - user has been logged in, username : ZcFPdwCWBD
17:51:21,998  INFO userLog:deleteUser:140 - start delete user, username : ZcFPdwCWBD
17:51:21,998  INFO userLog:logIn:94 - start login in user, username : ZcFPdwCWBD password : vjxhoVUUUp
17:51:21,998  INFO userLog:logIn:46 - send request to log in
Request path:	http://petstore.swagger.io/v2/user/login?username=ZcFPdwCWBD&password=vjxhoVUUUp
Request method:	GET
Response body: 
logged in user session:1516895483017
17:51:22,368  INFO userLog:logIn:97 - user has been logged in, username : ZcFPdwCWBD
17:51:22,368  INFO userLog:deleteUser:73 - send request to delete user
Request path:	http://petstore.swagger.io/v2/user/ZcFPdwCWBD
Request method:	DELETE
17:51:22,699  INFO userLog:isUserExist:78 - start check user exist, username : ZcFPdwCWBD
17:51:22,699  INFO userLog:getUser:60 - send request to get user
Request path:	http://petstore.swagger.io/v2/user/ZcFPdwCWBD
Request method:	GET
Response body: 
{
    "code": 1,
    "type": "error",
    "message": "User not found"
}
17:51:23,053  INFO userLog:isUserExist:83 - user ZcFPdwCWBD is not exist
17:51:23,053  INFO userLog:deleteUser:145 - user has been deleted, username : ZcFPdwCWBD
